stdio    D         file_stdio.c:109  file_stdio_fopen                 [   0.00000] opening C:\Users\Damian\Desktop\The Game\ProjectSurvival\bin\Debug\allegro5.cfg r
system   D            wsystem.c:771  _al_win_safe_load_library        [   0.00000] PathFindOnPath found: C:\WINDOWS\system32\shcore.dll
system   D            wsystem.c:682  load_library_at_path             [   0.00000] Calling LoadLibrary C:\WINDOWS\system32\shcore.dll
system   I            wsystem.c:685  load_library_at_path             [   0.00000] Loaded C:\WINDOWS\system32\shcore.dll
system   I             system.c:257  al_install_system                [   0.00000] Allegro version: 5.2.2
display  W   display_settings.c:669  _al_deduce_color_format          [   0.00081] Could not deduce color format, sizes = (0,0,0,0,0), shifts = (0,0,0,0)
system   D            wsystem.c:771  _al_win_safe_load_library        [   0.00097] PathFindOnPath found: C:\WINDOWS\system32\d3d9.dll
system   D            wsystem.c:682  load_library_at_path             [   0.00097] Calling LoadLibrary C:\WINDOWS\system32\d3d9.dll
system   I            wsystem.c:685  load_library_at_path             [   0.00232] Loaded C:\WINDOWS\system32\d3d9.dll
d3d      I         d3d_disp.cpp:674  d3d_init_display                 [   0.02195] Render-to-texture: 1
display  W   display_settings.c:669  _al_deduce_color_format          [   0.02778] Could not deduce color format, sizes = (0,0,0,0,0), shifts = (0,0,0,0)
system   D            wsystem.c:771  _al_win_safe_load_library        [   0.02801] PathFindOnPath found: C:\WINDOWS\system32\d3d9.dll
system   D            wsystem.c:682  load_library_at_path             [   0.02802] Calling LoadLibrary C:\WINDOWS\system32\d3d9.dll
system   I            wsystem.c:685  load_library_at_path             [   0.02803] Loaded C:\WINDOWS\system32\d3d9.dll
d3d      I         d3d_disp.cpp:674  d3d_init_display                 [   0.02932] Render-to-texture: 1
d3d      I         d3d_disp.cpp:1769 d3d_create_display_locked        [   0.02965] faux_fullscreen=0
d3d      D         d3d_disp.cpp:1770 d3d_create_display_locked        [   0.02966] al_display=0625E960
d3d      D         d3d_disp.cpp:1771 d3d_create_display_locked        [   0.02966] al_display->vt=04A3EC40
d3d      I d3d_display_formats.cpp:144  _al_d3d_generate_display_format_list [   0.03315] found 160 format combinations
display  D   display_settings.c:212  debug_display_settings           [   0.03317] color: 32 (rgba 8880), depth: 0, stencil: 0, acc: 0000, samples: 0/0
display  D   display_settings.c:527  _al_score_display_settings       [   0.03318] Score is : 897
display  D   display_settings.c:212  debug_display_settings           [   0.03318] color: 32 (rgba 8880), depth: 0, stencil: 0, acc: 0000, samples: 0/0
display  D   display_settings.c:527  _al_score_display_settings       [   0.03319] Score is : 897
display  D   display_settings.c:212  debug_display_settings           [   0.03319] color: 32 (rgba 8880), depth: 0, stencil: 0, acc: 0000, samples: 2/1
display  D   display_settings.c:527  _al_score_display_settings       [   0.03320] Score is : 726
display  D   display_settings.c:212  debug_display_settings           [   0.03320] color: 32 (rgba 8880), depth: 0, stencil: 0, acc: 0000, samples: 3/1
display  D   display_settings.c:527  _al_score_display_settings       [   0.03321] Score is : 721
display  D   display_settings.c:212  debug_display_settings           [   0.03321] color: 32 (rgba 8880), depth: 0, stencil: 0, acc: 0000, samples: 4/1
display  D   display_settings.c:527  _al_score_display_settings       [   0.03322] Score is : 717
display  D   display_settings.c:212  debug_display_settings           [   0.03322] color: 32 (rgba 8880), depth: 24, stencil: 8, acc: 0000, samples: 0/0
display  D   display_settings.c:527  _al_score_display_settings       [   0.03323] Score is : 897
display  D   display_settings.c:212  debug_display_settings           [   0.03323] color: 32 (rgba 8880), depth: 24, stencil: 8, acc: 0000, samples: 0/0
display  D   display_settings.c:527  _al_score_display_settings       [   0.03324] Score is : 897
display  D   display_settings.c:212  debug_display_settings           [   0.03329] color: 32 (rgba 8880), depth: 24, stencil: 8, acc: 0000, samples: 2/1
display  D   display_settings.c:527  _al_score_display_settings       [   0.03331] Score is : 726
display  D   display_settings.c:212  debug_display_settings           [   0.03332] color: 32 (rgba 8880), depth: 24, stencil: 8, acc: 0000, samples: 3/1
display  D   display_settings.c:527  _al_score_display_settings       [   0.03332] Score is : 721
display  D   display_settings.c:212  debug_display_settings           [   0.03333] color: 32 (rgba 8880), depth: 24, stencil: 8, acc: 0000, samples: 4/1
display  D   display_settings.c:527  _al_score_display_settings       [   0.03333] Score is : 717
display  D   display_settings.c:212  debug_display_settings           [   0.03334] color: 32 (rgba 8880), depth: 24, stencil: 0, acc: 0000, samples: 0/0
display  D   display_settings.c:527  _al_score_display_settings       [   0.03334] Score is : 897
display  D   display_settings.c:212  debug_display_settings           [   0.03335] color: 32 (rgba 8880), depth: 24, stencil: 0, acc: 0000, samples: 0/0
display  D   display_settings.c:527  _al_score_display_settings       [   0.03335] Score is : 897
display  D   display_settings.c:212  debug_display_settings           [   0.03336] color: 32 (rgba 8880), depth: 24, stencil: 0, acc: 0000, samples: 2/1
display  D   display_settings.c:527  _al_score_display_settings       [   0.03336] Score is : 726
display  D   display_settings.c:212  debug_display_settings           [   0.03338] color: 32 (rgba 8880), depth: 24, stencil: 0, acc: 0000, samples: 3/1
display  D   display_settings.c:527  _al_score_display_settings       [   0.03338] Score is : 721
display  D   display_settings.c:212  debug_display_settings           [   0.03339] color: 32 (rgba 8880), depth: 24, stencil: 0, acc: 0000, samples: 4/1
display  D   display_settings.c:527  _al_score_display_settings       [   0.03339] Score is : 717
display  D   display_settings.c:212  debug_display_settings           [   0.03340] color: 32 (rgba 8880), depth: 16, stencil: 0, acc: 0000, samples: 0/0
display  D   display_settings.c:527  _al_score_display_settings       [   0.03340] Score is : 897
display  D   display_settings.c:212  debug_display_settings           [   0.03341] color: 32 (rgba 8880), depth: 16, stencil: 0, acc: 0000, samples: 0/0
display  D   display_settings.c:527  _al_score_display_settings       [   0.03343] Score is : 897
display  D   display_settings.c:212  debug_display_settings           [   0.03343] color: 32 (rgba 8880), depth: 16, stencil: 0, acc: 0000, samples: 2/1
display  D   display_settings.c:527  _al_score_display_settings       [   0.03344] Score is : 726
display  D   display_settings.c:212  debug_display_settings           [   0.03344] color: 32 (rgba 8880), depth: 16, stencil: 0, acc: 0000, samples: 3/1
display  D   display_settings.c:527  _al_score_display_settings       [   0.03345] Score is : 721
display  D   display_settings.c:212  debug_display_settings           [   0.03345] color: 32 (rgba 8880), depth: 16, stencil: 0, acc: 0000, samples: 4/1
display  D   display_settings.c:527  _al_score_display_settings       [   0.03346] Score is : 717
display  D   display_settings.c:212  debug_display_settings           [   0.03346] color: 16 (rgba 5650), depth: 0, stencil: 0, acc: 0000, samples: 0/0
display  D   display_settings.c:527  _al_score_display_settings       [   0.03347] Score is : 897
display  D   display_settings.c:212  debug_display_settings           [   0.03347] color: 16 (rgba 5650), depth: 0, stencil: 0, acc: 0000, samples: 0/0
display  D   display_settings.c:527  _al_score_display_settings       [   0.03347] Score is : 897
display  D   display_settings.c:212  debug_display_settings           [   0.03348] color: 16 (rgba 5650), depth: 0, stencil: 0, acc: 0000, samples: 2/1
display  D   display_settings.c:527  _al_score_display_settings       [   0.03348] Score is : 726
display  D   display_settings.c:212  debug_display_settings           [   0.03349] color: 16 (rgba 5650), depth: 0, stencil: 0, acc: 0000, samples: 3/1
display  D   display_settings.c:527  _al_score_display_settings       [   0.03350] Score is : 721
display  D   display_settings.c:212  debug_display_settings           [   0.03350] color: 16 (rgba 5650), depth: 0, stencil: 0, acc: 0000, samples: 4/1
display  D   display_settings.c:527  _al_score_display_settings       [   0.03351] Score is : 717
display  D   display_settings.c:212  debug_display_settings           [   0.03351] color: 16 (rgba 5650), depth: 24, stencil: 8, acc: 0000, samples: 0/0
display  D   display_settings.c:527  _al_score_display_settings       [   0.03352] Score is : 897
display  D   display_settings.c:212  debug_display_settings           [   0.03352] color: 16 (rgba 5650), depth: 24, stencil: 8, acc: 0000, samples: 0/0
display  D   display_settings.c:527  _al_score_display_settings       [   0.03353] Score is : 897
display  D   display_settings.c:212  debug_display_settings           [   0.03353] color: 16 (rgba 5650), depth: 24, stencil: 8, acc: 0000, samples: 2/1
display  D   display_settings.c:527  _al_score_display_settings       [   0.03354] Score is : 726
display  D   display_settings.c:212  debug_display_settings           [   0.03354] color: 16 (rgba 5650), depth: 24, stencil: 8, acc: 0000, samples: 3/1
display  D   display_settings.c:527  _al_score_display_settings       [   0.03355] Score is : 721
display  D   display_settings.c:212  debug_display_settings           [   0.03355] color: 16 (rgba 5650), depth: 24, stencil: 8, acc: 0000, samples: 4/1
display  D   display_settings.c:527  _al_score_display_settings       [   0.03355] Score is : 717
display  D   display_settings.c:212  debug_display_settings           [   0.03356] color: 16 (rgba 5650), depth: 24, stencil: 0, acc: 0000, samples: 0/0
display  D   display_settings.c:527  _al_score_display_settings       [   0.03356] Score is : 897
display  D   display_settings.c:212  debug_display_settings           [   0.03357] color: 16 (rgba 5650), depth: 24, stencil: 0, acc: 0000, samples: 0/0
display  D   display_settings.c:527  _al_score_display_settings       [   0.03357] Score is : 897
display  D   display_settings.c:212  debug_display_settings           [   0.03358] color: 16 (rgba 5650), depth: 24, stencil: 0, acc: 0000, samples: 2/1
display  D   display_settings.c:527  _al_score_display_settings       [   0.03358] Score is : 726
display  D   display_settings.c:212  debug_display_settings           [   0.03359] color: 16 (rgba 5650), depth: 24, stencil: 0, acc: 0000, samples: 3/1
display  D   display_settings.c:527  _al_score_display_settings       [   0.03359] Score is : 721
display  D   display_settings.c:212  debug_display_settings           [   0.03360] color: 16 (rgba 5650), depth: 24, stencil: 0, acc: 0000, samples: 4/1
display  D   display_settings.c:527  _al_score_display_settings       [   0.03360] Score is : 717
display  D   display_settings.c:212  debug_display_settings           [   0.03361] color: 16 (rgba 5650), depth: 16, stencil: 0, acc: 0000, samples: 0/0
display  D   display_settings.c:527  _al_score_display_settings       [   0.03361] Score is : 897
display  D   display_settings.c:212  debug_display_settings           [   0.03362] color: 16 (rgba 5650), depth: 16, stencil: 0, acc: 0000, samples: 0/0
display  D   display_settings.c:527  _al_score_display_settings       [   0.03362] Score is : 897
display  D   display_settings.c:212  debug_display_settings           [   0.03363] color: 16 (rgba 5650), depth: 16, stencil: 0, acc: 0000, samples: 2/1
display  D   display_settings.c:527  _al_score_display_settings       [   0.03363] Score is : 726
display  D   display_settings.c:212  debug_display_settings           [   0.03364] color: 16 (rgba 5650), depth: 16, stencil: 0, acc: 0000, samples: 3/1
display  D   display_settings.c:527  _al_score_display_settings       [   0.03364] Score is : 721
display  D   display_settings.c:212  debug_display_settings           [   0.03365] color: 16 (rgba 5650), depth: 16, stencil: 0, acc: 0000, samples: 4/1
display  D   display_settings.c:527  _al_score_display_settings       [   0.03365] Score is : 717
display  D   display_settings.c:212  debug_display_settings           [   0.03366] color: 32 (rgba 8880), depth: 0, stencil: 0, acc: 0000, samples: 0/0
display  D   display_settings.c:398  _al_score_display_settings       [   0.03366] Single Buffer requirement not met.
display  D   display_settings.c:212  debug_display_settings           [   0.03367] color: 32 (rgba 8880), depth: 0, stencil: 0, acc: 0000, samples: 0/0
display  D   display_settings.c:398  _al_score_display_settings       [   0.03367] Single Buffer requirement not met.
display  D   display_settings.c:212  debug_display_settings           [   0.03368] color: 32 (rgba 8880), depth: 0, stencil: 0, acc: 0000, samples: 2/1
display  D   display_settings.c:398  _al_score_display_settings       [   0.03368] Single Buffer requirement not met.
display  D   display_settings.c:212  debug_display_settings           [   0.03369] color: 32 (rgba 8880), depth: 0, stencil: 0, acc: 0000, samples: 3/1
display  D   display_settings.c:398  _al_score_display_settings       [   0.03369] Single Buffer requirement not met.
display  D   display_settings.c:212  debug_display_settings           [   0.03370] color: 32 (rgba 8880), depth: 0, stencil: 0, acc: 0000, samples: 4/1
display  D   display_settings.c:398  _al_score_display_settings       [   0.03370] Single Buffer requirement not met.
display  D   display_settings.c:212  debug_display_settings           [   0.03371] color: 32 (rgba 8880), depth: 24, stencil: 8, acc: 0000, samples: 0/0
display  D   display_settings.c:398  _al_score_display_settings       [   0.03371] Single Buffer requirement not met.
display  D   display_settings.c:212  debug_display_settings           [   0.03372] color: 32 (rgba 8880), depth: 24, stencil: 8, acc: 0000, samples: 0/0
display  D   display_settings.c:398  _al_score_display_settings       [   0.03372] Single Buffer requirement not met.
display  D   display_settings.c:212  debug_display_settings           [   0.03373] color: 32 (rgba 8880), depth: 24, stencil: 8, acc: 0000, samples: 2/1
display  D   display_settings.c:398  _al_score_display_settings       [   0.03373] Single Buffer requirement not met.
display  D   display_settings.c:212  debug_display_settings           [   0.03374] color: 32 (rgba 8880), depth: 24, stencil: 8, acc: 0000, samples: 3/1
display  D   display_settings.c:398  _al_score_display_settings       [   0.03374] Single Buffer requirement not met.
display  D   display_settings.c:212  debug_display_settings           [   0.03375] color: 32 (rgba 8880), depth: 24, stencil: 8, acc: 0000, samples: 4/1
display  D   display_settings.c:398  _al_score_display_settings       [   0.03375] Single Buffer requirement not met.
display  D   display_settings.c:212  debug_display_settings           [   0.03376] color: 32 (rgba 8880), depth: 24, stencil: 0, acc: 0000, samples: 0/0
display  D   display_settings.c:398  _al_score_display_settings       [   0.03376] Single Buffer requirement not met.
display  D   display_settings.c:212  debug_display_settings           [   0.03377] color: 32 (rgba 8880), depth: 24, stencil: 0, acc: 0000, samples: 0/0
display  D   display_settings.c:398  _al_score_display_settings       [   0.03377] Single Buffer requirement not met.
display  D   display_settings.c:212  debug_display_settings           [   0.03378] color: 32 (rgba 8880), depth: 24, stencil: 0, acc: 0000, samples: 2/1
display  D   display_settings.c:398  _al_score_display_settings       [   0.03378] Single Buffer requirement not met.
display  D   display_settings.c:212  debug_display_settings           [   0.03379] color: 32 (rgba 8880), depth: 24, stencil: 0, acc: 0000, samples: 3/1
display  D   display_settings.c:398  _al_score_display_settings       [   0.03379] Single Buffer requirement not met.
display  D   display_settings.c:212  debug_display_settings           [   0.03380] color: 32 (rgba 8880), depth: 24, stencil: 0, acc: 0000, samples: 4/1
display  D   display_settings.c:398  _al_score_display_settings       [   0.03382] Single Buffer requirement not met.
display  D   display_settings.c:212  debug_display_settings           [   0.03382] color: 32 (rgba 8880), depth: 16, stencil: 0, acc: 0000, samples: 0/0
display  D   display_settings.c:398  _al_score_display_settings       [   0.03383] Single Buffer requirement not met.
display  D   display_settings.c:212  debug_display_settings           [   0.03383] color: 32 (rgba 8880), depth: 16, stencil: 0, acc: 0000, samples: 0/0
display  D   display_settings.c:398  _al_score_display_settings       [   0.03384] Single Buffer requirement not met.
display  D   display_settings.c:212  debug_display_settings           [   0.03384] color: 32 (rgba 8880), depth: 16, stencil: 0, acc: 0000, samples: 2/1
display  D   display_settings.c:398  _al_score_display_settings       [   0.03385] Single Buffer requirement not met.
display  D   display_settings.c:212  debug_display_settings           [   0.03385] color: 32 (rgba 8880), depth: 16, stencil: 0, acc: 0000, samples: 3/1
display  D   display_settings.c:398  _al_score_display_settings       [   0.03386] Single Buffer requirement not met.
display  D   display_settings.c:212  debug_display_settings           [   0.03386] color: 32 (rgba 8880), depth: 16, stencil: 0, acc: 0000, samples: 4/1
display  D   display_settings.c:398  _al_score_display_settings       [   0.03387] Single Buffer requirement not met.
display  D   display_settings.c:212  debug_display_settings           [   0.03387] color: 16 (rgba 5650), depth: 0, stencil: 0, acc: 0000, samples: 0/0
display  D   display_settings.c:398  _al_score_display_settings       [   0.03388] Single Buffer requirement not met.
display  D   display_settings.c:212  debug_display_settings           [   0.03388] color: 16 (rgba 5650), depth: 0, stencil: 0, acc: 0000, samples: 0/0
display  D   display_settings.c:398  _al_score_display_settings       [   0.03389] Single Buffer requirement not met.
display  D   display_settings.c:212  debug_display_settings           [   0.03389] color: 16 (rgba 5650), depth: 0, stencil: 0, acc: 0000, samples: 2/1
display  D   display_settings.c:398  _al_score_display_settings       [   0.03390] Single Buffer requirement not met.
display  D   display_settings.c:212  debug_display_settings           [   0.03390] color: 16 (rgba 5650), depth: 0, stencil: 0, acc: 0000, samples: 3/1
display  D   display_settings.c:398  _al_score_display_settings       [   0.03391] Single Buffer requirement not met.
display  D   display_settings.c:212  debug_display_settings           [   0.03391] color: 16 (rgba 5650), depth: 0, stencil: 0, acc: 0000, samples: 4/1
display  D   display_settings.c:398  _al_score_display_settings       [   0.03392] Single Buffer requirement not met.
display  D   display_settings.c:212  debug_display_settings           [   0.03392] color: 16 (rgba 5650), depth: 24, stencil: 8, acc: 0000, samples: 0/0
display  D   display_settings.c:398  _al_score_display_settings       [   0.03393] Single Buffer requirement not met.
display  D   display_settings.c:212  debug_display_settings           [   0.03393] color: 16 (rgba 5650), depth: 24, stencil: 8, acc: 0000, samples: 0/0
display  D   display_settings.c:398  _al_score_display_settings       [   0.03394] Single Buffer requirement not met.
display  D   display_settings.c:212  debug_display_settings           [   0.03394] color: 16 (rgba 5650), depth: 24, stencil: 8, acc: 0000, samples: 2/1
display  D   display_settings.c:398  _al_score_display_settings       [   0.03395] Single Buffer requirement not met.
display  D   display_settings.c:212  debug_display_settings           [   0.03395] color: 16 (rgba 5650), depth: 24, stencil: 8, acc: 0000, samples: 3/1
display  D   display_settings.c:398  _al_score_display_settings       [   0.03396] Single Buffer requirement not met.
display  D   display_settings.c:212  debug_display_settings           [   0.03396] color: 16 (rgba 5650), depth: 24, stencil: 8, acc: 0000, samples: 4/1
display  D   display_settings.c:398  _al_score_display_settings       [   0.03397] Single Buffer requirement not met.
display  D   display_settings.c:212  debug_display_settings           [   0.03397] color: 16 (rgba 5650), depth: 24, stencil: 0, acc: 0000, samples: 0/0
display  D   display_settings.c:398  _al_score_display_settings       [   0.03398] Single Buffer requirement not met.
display  D   display_settings.c:212  debug_display_settings           [   0.03398] color: 16 (rgba 5650), depth: 24, stencil: 0, acc: 0000, samples: 0/0
display  D   display_settings.c:398  _al_score_display_settings       [   0.03399] Single Buffer requirement not met.
display  D   display_settings.c:212  debug_display_settings           [   0.03399] color: 16 (rgba 5650), depth: 24, stencil: 0, acc: 0000, samples: 2/1
display  D   display_settings.c:398  _al_score_display_settings       [   0.03400] Single Buffer requirement not met.
display  D   display_settings.c:212  debug_display_settings           [   0.03400] color: 16 (rgba 5650), depth: 24, stencil: 0, acc: 0000, samples: 3/1
display  D   display_settings.c:398  _al_score_display_settings       [   0.03401] Single Buffer requirement not met.
display  D   display_settings.c:212  debug_display_settings           [   0.03401] color: 16 (rgba 5650), depth: 24, stencil: 0, acc: 0000, samples: 4/1
display  D   display_settings.c:398  _al_score_display_settings       [   0.03402] Single Buffer requirement not met.
display  D   display_settings.c:212  debug_display_settings           [   0.03402] color: 16 (rgba 5650), depth: 16, stencil: 0, acc: 0000, samples: 0/0
display  D   display_settings.c:398  _al_score_display_settings       [   0.03403] Single Buffer requirement not met.
display  D   display_settings.c:212  debug_display_settings           [   0.03403] color: 16 (rgba 5650), depth: 16, stencil: 0, acc: 0000, samples: 0/0
display  D   display_settings.c:398  _al_score_display_settings       [   0.03404] Single Buffer requirement not met.
display  D   display_settings.c:212  debug_display_settings           [   0.03404] color: 16 (rgba 5650), depth: 16, stencil: 0, acc: 0000, samples: 2/1
display  D   display_settings.c:398  _al_score_display_settings       [   0.03405] Single Buffer requirement not met.
display  D   display_settings.c:212  debug_display_settings           [   0.03405] color: 16 (rgba 5650), depth: 16, stencil: 0, acc: 0000, samples: 3/1
display  D   display_settings.c:398  _al_score_display_settings       [   0.03406] Single Buffer requirement not met.
display  D   display_settings.c:212  debug_display_settings           [   0.03406] color: 16 (rgba 5650), depth: 16, stencil: 0, acc: 0000, samples: 4/1
display  D   display_settings.c:398  _al_score_display_settings       [   0.03407] Single Buffer requirement not met.
display  D   display_settings.c:212  debug_display_settings           [   0.03407] color: 32 (rgba 8880), depth: 0, stencil: 0, acc: 0000, samples: 0/0
display  D   display_settings.c:527  _al_score_display_settings       [   0.03408] Score is : 769
display  D   display_settings.c:212  debug_display_settings           [   0.03408] color: 32 (rgba 8880), depth: 0, stencil: 0, acc: 0000, samples: 0/0
display  D   display_settings.c:527  _al_score_display_settings       [   0.03409] Score is : 769
display  D   display_settings.c:212  debug_display_settings           [   0.03409] color: 32 (rgba 8880), depth: 0, stencil: 0, acc: 0000, samples: 2/1
display  D   display_settings.c:527  _al_score_display_settings       [   0.03410] Score is : 598
display  D   display_settings.c:212  debug_display_settings           [   0.03410] color: 32 (rgba 8880), depth: 0, stencil: 0, acc: 0000, samples: 3/1
display  D   display_settings.c:527  _al_score_display_settings       [   0.03411] Score is : 593
display  D   display_settings.c:212  debug_display_settings           [   0.03411] color: 32 (rgba 8880), depth: 0, stencil: 0, acc: 0000, samples: 4/1
display  D   display_settings.c:527  _al_score_display_settings       [   0.03412] Score is : 589
display  D   display_settings.c:212  debug_display_settings           [   0.03412] color: 32 (rgba 8880), depth: 24, stencil: 8, acc: 0000, samples: 0/0
display  D   display_settings.c:527  _al_score_display_settings       [   0.03413] Score is : 769
display  D   display_settings.c:212  debug_display_settings           [   0.03413] color: 32 (rgba 8880), depth: 24, stencil: 8, acc: 0000, samples: 0/0
display  D   display_settings.c:527  _al_score_display_settings       [   0.03414] Score is : 769
display  D   display_settings.c:212  debug_display_settings           [   0.03414] color: 32 (rgba 8880), depth: 24, stencil: 8, acc: 0000, samples: 2/1
display  D   display_settings.c:527  _al_score_display_settings       [   0.03415] Score is : 598
display  D   display_settings.c:212  debug_display_settings           [   0.03415] color: 32 (rgba 8880), depth: 24, stencil: 8, acc: 0000, samples: 3/1
display  D   display_settings.c:527  _al_score_display_settings       [   0.03416] Score is : 593
display  D   display_settings.c:212  debug_display_settings           [   0.03416] color: 32 (rgba 8880), depth: 24, stencil: 8, acc: 0000, samples: 4/1
display  D   display_settings.c:527  _al_score_display_settings       [   0.03417] Score is : 589
display  D   display_settings.c:212  debug_display_settings           [   0.03417] color: 32 (rgba 8880), depth: 24, stencil: 0, acc: 0000, samples: 0/0
display  D   display_settings.c:527  _al_score_display_settings       [   0.03418] Score is : 769
display  D   display_settings.c:212  debug_display_settings           [   0.03418] color: 32 (rgba 8880), depth: 24, stencil: 0, acc: 0000, samples: 0/0
display  D   display_settings.c:527  _al_score_display_settings       [   0.03419] Score is : 769
display  D   display_settings.c:212  debug_display_settings           [   0.03419] color: 32 (rgba 8880), depth: 24, stencil: 0, acc: 0000, samples: 2/1
display  D   display_settings.c:527  _al_score_display_settings       [   0.03420] Score is : 598
display  D   display_settings.c:212  debug_display_settings           [   0.03420] color: 32 (rgba 8880), depth: 24, stencil: 0, acc: 0000, samples: 3/1
display  D   display_settings.c:527  _al_score_display_settings       [   0.03421] Score is : 593
display  D   display_settings.c:212  debug_display_settings           [   0.03421] color: 32 (rgba 8880), depth: 24, stencil: 0, acc: 0000, samples: 4/1
display  D   display_settings.c:527  _al_score_display_settings       [   0.03422] Score is : 589
display  D   display_settings.c:212  debug_display_settings           [   0.03422] color: 32 (rgba 8880), depth: 16, stencil: 0, acc: 0000, samples: 0/0
display  D   display_settings.c:527  _al_score_display_settings       [   0.03423] Score is : 769
display  D   display_settings.c:212  debug_display_settings           [   0.03423] color: 32 (rgba 8880), depth: 16, stencil: 0, acc: 0000, samples: 0/0
display  D   display_settings.c:527  _al_score_display_settings       [   0.03431] Score is : 769
display  D   display_settings.c:212  debug_display_settings           [   0.03437] color: 32 (rgba 8880), depth: 16, stencil: 0, acc: 0000, samples: 2/1
display  D   display_settings.c:527  _al_score_display_settings       [   0.03439] Score is : 598
display  D   display_settings.c:212  debug_display_settings           [   0.03440] color: 32 (rgba 8880), depth: 16, stencil: 0, acc: 0000, samples: 3/1
display  D   display_settings.c:527  _al_score_display_settings       [   0.03440] Score is : 593
display  D   display_settings.c:212  debug_display_settings           [   0.03441] color: 32 (rgba 8880), depth: 16, stencil: 0, acc: 0000, samples: 4/1
display  D   display_settings.c:527  _al_score_display_settings       [   0.03441] Score is : 589
display  D   display_settings.c:212  debug_display_settings           [   0.03442] color: 16 (rgba 5650), depth: 0, stencil: 0, acc: 0000, samples: 0/0
display  D   display_settings.c:527  _al_score_display_settings       [   0.03442] Score is : 769
display  D   display_settings.c:212  debug_display_settings           [   0.03443] color: 16 (rgba 5650), depth: 0, stencil: 0, acc: 0000, samples: 0/0
display  D   display_settings.c:527  _al_score_display_settings       [   0.03444] Score is : 769
display  D   display_settings.c:212  debug_display_settings           [   0.03444] color: 16 (rgba 5650), depth: 0, stencil: 0, acc: 0000, samples: 2/1
display  D   display_settings.c:527  _al_score_display_settings       [   0.03445] Score is : 598
display  D   display_settings.c:212  debug_display_settings           [   0.03445] color: 16 (rgba 5650), depth: 0, stencil: 0, acc: 0000, samples: 3/1
display  D   display_settings.c:527  _al_score_display_settings       [   0.03446] Score is : 593
display  D   display_settings.c:212  debug_display_settings           [   0.03446] color: 16 (rgba 5650), depth: 0, stencil: 0, acc: 0000, samples: 4/1
display  D   display_settings.c:527  _al_score_display_settings       [   0.03448] Score is : 589
display  D   display_settings.c:212  debug_display_settings           [   0.03448] color: 16 (rgba 5650), depth: 24, stencil: 8, acc: 0000, samples: 0/0
display  D   display_settings.c:527  _al_score_display_settings       [   0.03449] Score is : 769
display  D   display_settings.c:212  debug_display_settings           [   0.03449] color: 16 (rgba 5650), depth: 24, stencil: 8, acc: 0000, samples: 0/0
display  D   display_settings.c:527  _al_score_display_settings       [   0.03450] Score is : 769
display  D   display_settings.c:212  debug_display_settings           [   0.03450] color: 16 (rgba 5650), depth: 24, stencil: 8, acc: 0000, samples: 2/1
display  D   display_settings.c:527  _al_score_display_settings       [   0.03451] Score is : 598
display  D   display_settings.c:212  debug_display_settings           [   0.03451] color: 16 (rgba 5650), depth: 24, stencil: 8, acc: 0000, samples: 3/1
display  D   display_settings.c:527  _al_score_display_settings       [   0.03452] Score is : 593
display  D   display_settings.c:212  debug_display_settings           [   0.03452] color: 16 (rgba 5650), depth: 24, stencil: 8, acc: 0000, samples: 4/1
display  D   display_settings.c:527  _al_score_display_settings       [   0.03454] Score is : 589
display  D   display_settings.c:212  debug_display_settings           [   0.03454] color: 16 (rgba 5650), depth: 24, stencil: 0, acc: 0000, samples: 0/0
display  D   display_settings.c:527  _al_score_display_settings       [   0.03459] Score is : 769
display  D   display_settings.c:212  debug_display_settings           [   0.03459] color: 16 (rgba 5650), depth: 24, stencil: 0, acc: 0000, samples: 0/0
display  D   display_settings.c:527  _al_score_display_settings       [   0.03460] Score is : 769
display  D   display_settings.c:212  debug_display_settings           [   0.03460] color: 16 (rgba 5650), depth: 24, stencil: 0, acc: 0000, samples: 2/1
display  D   display_settings.c:527  _al_score_display_settings       [   0.03461] Score is : 598
display  D   display_settings.c:212  debug_display_settings           [   0.03461] color: 16 (rgba 5650), depth: 24, stencil: 0, acc: 0000, samples: 3/1
display  D   display_settings.c:527  _al_score_display_settings       [   0.03463] Score is : 593
display  D   display_settings.c:212  debug_display_settings           [   0.03463] color: 16 (rgba 5650), depth: 24, stencil: 0, acc: 0000, samples: 4/1
display  D   display_settings.c:527  _al_score_display_settings       [   0.03465] Score is : 589
display  D   display_settings.c:212  debug_display_settings           [   0.03466] color: 16 (rgba 5650), depth: 16, stencil: 0, acc: 0000, samples: 0/0
display  D   display_settings.c:527  _al_score_display_settings       [   0.03466] Score is : 769
display  D   display_settings.c:212  debug_display_settings           [   0.03467] color: 16 (rgba 5650), depth: 16, stencil: 0, acc: 0000, samples: 0/0
display  D   display_settings.c:527  _al_score_display_settings       [   0.03469] Score is : 769
display  D   display_settings.c:212  debug_display_settings           [   0.03471] color: 16 (rgba 5650), depth: 16, stencil: 0, acc: 0000, samples: 2/1
display  D   display_settings.c:527  _al_score_display_settings       [   0.03472] Score is : 598
display  D   display_settings.c:212  debug_display_settings           [   0.03474] color: 16 (rgba 5650), depth: 16, stencil: 0, acc: 0000, samples: 3/1
display  D   display_settings.c:527  _al_score_display_settings       [   0.03474] Score is : 593
display  D   display_settings.c:212  debug_display_settings           [   0.03475] color: 16 (rgba 5650), depth: 16, stencil: 0, acc: 0000, samples: 4/1
display  D   display_settings.c:527  _al_score_display_settings       [   0.03475] Score is : 589
display  D   display_settings.c:212  debug_display_settings           [   0.03476] color: 32 (rgba 8880), depth: 0, stencil: 0, acc: 0000, samples: 0/0
display  D   display_settings.c:398  _al_score_display_settings       [   0.03476] Single Buffer requirement not met.
display  D   display_settings.c:212  debug_display_settings           [   0.03477] color: 32 (rgba 8880), depth: 0, stencil: 0, acc: 0000, samples: 0/0
display  D   display_settings.c:398  _al_score_display_settings       [   0.03477] Single Buffer requirement not met.
display  D   display_settings.c:212  debug_display_settings           [   0.03478] color: 32 (rgba 8880), depth: 0, stencil: 0, acc: 0000, samples: 2/1
display  D   display_settings.c:398  _al_score_display_settings       [   0.03478] Single Buffer requirement not met.
display  D   display_settings.c:212  debug_display_settings           [   0.03479] color: 32 (rgba 8880), depth: 0, stencil: 0, acc: 0000, samples: 3/1
display  D   display_settings.c:398  _al_score_display_settings       [   0.03479] Single Buffer requirement not met.
display  D   display_settings.c:212  debug_display_settings           [   0.03480] color: 32 (rgba 8880), depth: 0, stencil: 0, acc: 0000, samples: 4/1
display  D   display_settings.c:398  _al_score_display_settings       [   0.03480] Single Buffer requirement not met.
display  D   display_settings.c:212  debug_display_settings           [   0.03481] color: 32 (rgba 8880), depth: 24, stencil: 8, acc: 0000, samples: 0/0
display  D   display_settings.c:398  _al_score_display_settings       [   0.03481] Single Buffer requirement not met.
display  D   display_settings.c:212  debug_display_settings           [   0.03482] color: 32 (rgba 8880), depth: 24, stencil: 8, acc: 0000, samples: 0/0
display  D   display_settings.c:398  _al_score_display_settings       [   0.03482] Single Buffer requirement not met.
display  D   display_settings.c:212  debug_display_settings           [   0.03483] color: 32 (rgba 8880), depth: 24, stencil: 8, acc: 0000, samples: 2/1
display  D   display_settings.c:398  _al_score_display_settings       [   0.03483] Single Buffer requirement not met.
display  D   display_settings.c:212  debug_display_settings           [   0.03484] color: 32 (rgba 8880), depth: 24, stencil: 8, acc: 0000, samples: 3/1
display  D   display_settings.c:398  _al_score_display_settings       [   0.03484] Single Buffer requirement not met.
display  D   display_settings.c:212  debug_display_settings           [   0.03485] color: 32 (rgba 8880), depth: 24, stencil: 8, acc: 0000, samples: 4/1
display  D   display_settings.c:398  _al_score_display_settings       [   0.03485] Single Buffer requirement not met.
display  D   display_settings.c:212  debug_display_settings           [   0.03486] color: 32 (rgba 8880), depth: 24, stencil: 0, acc: 0000, samples: 0/0
display  D   display_settings.c:398  _al_score_display_settings       [   0.03486] Single Buffer requirement not met.
display  D   display_settings.c:212  debug_display_settings           [   0.03487] color: 32 (rgba 8880), depth: 24, stencil: 0, acc: 0000, samples: 0/0
display  D   display_settings.c:398  _al_score_display_settings       [   0.03487] Single Buffer requirement not met.
display  D   display_settings.c:212  debug_display_settings           [   0.03488] color: 32 (rgba 8880), depth: 24, stencil: 0, acc: 0000, samples: 2/1
display  D   display_settings.c:398  _al_score_display_settings       [   0.03488] Single Buffer requirement not met.
display  D   display_settings.c:212  debug_display_settings           [   0.03489] color: 32 (rgba 8880), depth: 24, stencil: 0, acc: 0000, samples: 3/1
display  D   display_settings.c:398  _al_score_display_settings       [   0.03489] Single Buffer requirement not met.
display  D   display_settings.c:212  debug_display_settings           [   0.03490] color: 32 (rgba 8880), depth: 24, stencil: 0, acc: 0000, samples: 4/1
display  D   display_settings.c:398  _al_score_display_settings       [   0.03490] Single Buffer requirement not met.
display  D   display_settings.c:212  debug_display_settings           [   0.03491] color: 32 (rgba 8880), depth: 16, stencil: 0, acc: 0000, samples: 0/0
display  D   display_settings.c:398  _al_score_display_settings       [   0.03491] Single Buffer requirement not met.
display  D   display_settings.c:212  debug_display_settings           [   0.03492] color: 32 (rgba 8880), depth: 16, stencil: 0, acc: 0000, samples: 0/0
display  D   display_settings.c:398  _al_score_display_settings       [   0.03492] Single Buffer requirement not met.
display  D   display_settings.c:212  debug_display_settings           [   0.03493] color: 32 (rgba 8880), depth: 16, stencil: 0, acc: 0000, samples: 2/1
display  D   display_settings.c:398  _al_score_display_settings       [   0.03493] Single Buffer requirement not met.
display  D   display_settings.c:212  debug_display_settings           [   0.03494] color: 32 (rgba 8880), depth: 16, stencil: 0, acc: 0000, samples: 3/1
display  D   display_settings.c:398  _al_score_display_settings       [   0.03494] Single Buffer requirement not met.
display  D   display_settings.c:212  debug_display_settings           [   0.03495] color: 32 (rgba 8880), depth: 16, stencil: 0, acc: 0000, samples: 4/1
display  D   display_settings.c:398  _al_score_display_settings       [   0.03495] Single Buffer requirement not met.
display  D   display_settings.c:212  debug_display_settings           [   0.03496] color: 16 (rgba 5650), depth: 0, stencil: 0, acc: 0000, samples: 0/0
display  D   display_settings.c:398  _al_score_display_settings       [   0.03496] Single Buffer requirement not met.
display  D   display_settings.c:212  debug_display_settings           [   0.03497] color: 16 (rgba 5650), depth: 0, stencil: 0, acc: 0000, samples: 0/0
display  D   display_settings.c:398  _al_score_display_settings       [   0.03497] Single Buffer requirement not met.
display  D   display_settings.c:212  debug_display_settings           [   0.03498] color: 16 (rgba 5650), depth: 0, stencil: 0, acc: 0000, samples: 2/1
display  D   display_settings.c:398  _al_score_display_settings       [   0.03498] Single Buffer requirement not met.
display  D   display_settings.c:212  debug_display_settings           [   0.03499] color: 16 (rgba 5650), depth: 0, stencil: 0, acc: 0000, samples: 3/1
display  D   display_settings.c:398  _al_score_display_settings       [   0.03499] Single Buffer requirement not met.
display  D   display_settings.c:212  debug_display_settings           [   0.03500] color: 16 (rgba 5650), depth: 0, stencil: 0, acc: 0000, samples: 4/1
display  D   display_settings.c:398  _al_score_display_settings       [   0.03500] Single Buffer requirement not met.
display  D   display_settings.c:212  debug_display_settings           [   0.03501] color: 16 (rgba 5650), depth: 24, stencil: 8, acc: 0000, samples: 0/0
display  D   display_settings.c:398  _al_score_display_settings       [   0.03501] Single Buffer requirement not met.
display  D   display_settings.c:212  debug_display_settings           [   0.03502] color: 16 (rgba 5650), depth: 24, stencil: 8, acc: 0000, samples: 0/0
display  D   display_settings.c:398  _al_score_display_settings       [   0.03502] Single Buffer requirement not met.
display  D   display_settings.c:212  debug_display_settings           [   0.03503] color: 16 (rgba 5650), depth: 24, stencil: 8, acc: 0000, samples: 2/1
display  D   display_settings.c:398  _al_score_display_settings       [   0.03503] Single Buffer requirement not met.
display  D   display_settings.c:212  debug_display_settings           [   0.03504] color: 16 (rgba 5650), depth: 24, stencil: 8, acc: 0000, samples: 3/1
display  D   display_settings.c:398  _al_score_display_settings       [   0.03504] Single Buffer requirement not met.
display  D   display_settings.c:212  debug_display_settings           [   0.03505] color: 16 (rgba 5650), depth: 24, stencil: 8, acc: 0000, samples: 4/1
display  D   display_settings.c:398  _al_score_display_settings       [   0.03505] Single Buffer requirement not met.
display  D   display_settings.c:212  debug_display_settings           [   0.03506] color: 16 (rgba 5650), depth: 24, stencil: 0, acc: 0000, samples: 0/0
display  D   display_settings.c:398  _al_score_display_settings       [   0.03506] Single Buffer requirement not met.
display  D   display_settings.c:212  debug_display_settings           [   0.03507] color: 16 (rgba 5650), depth: 24, stencil: 0, acc: 0000, samples: 0/0
display  D   display_settings.c:398  _al_score_display_settings       [   0.03507] Single Buffer requirement not met.
display  D   display_settings.c:212  debug_display_settings           [   0.03508] color: 16 (rgba 5650), depth: 24, stencil: 0, acc: 0000, samples: 2/1
display  D   display_settings.c:398  _al_score_display_settings       [   0.03508] Single Buffer requirement not met.
display  D   display_settings.c:212  debug_display_settings           [   0.03509] color: 16 (rgba 5650), depth: 24, stencil: 0, acc: 0000, samples: 3/1
display  D   display_settings.c:398  _al_score_display_settings       [   0.03509] Single Buffer requirement not met.
display  D   display_settings.c:212  debug_display_settings           [   0.03510] color: 16 (rgba 5650), depth: 24, stencil: 0, acc: 0000, samples: 4/1
display  D   display_settings.c:398  _al_score_display_settings       [   0.03510] Single Buffer requirement not met.
display  D   display_settings.c:212  debug_display_settings           [   0.03511] color: 16 (rgba 5650), depth: 16, stencil: 0, acc: 0000, samples: 0/0
display  D   display_settings.c:398  _al_score_display_settings       [   0.03511] Single Buffer requirement not met.
display  D   display_settings.c:212  debug_display_settings           [   0.03512] color: 16 (rgba 5650), depth: 16, stencil: 0, acc: 0000, samples: 0/0
display  D   display_settings.c:398  _al_score_display_settings       [   0.03512] Single Buffer requirement not met.
display  D   display_settings.c:212  debug_display_settings           [   0.03513] color: 16 (rgba 5650), depth: 16, stencil: 0, acc: 0000, samples: 2/1
display  D   display_settings.c:398  _al_score_display_settings       [   0.03513] Single Buffer requirement not met.
display  D   display_settings.c:212  debug_display_settings           [   0.03514] color: 16 (rgba 5650), depth: 16, stencil: 0, acc: 0000, samples: 3/1
display  D   display_settings.c:398  _al_score_display_settings       [   0.03514] Single Buffer requirement not met.
display  D   display_settings.c:212  debug_display_settings           [   0.03515] color: 16 (rgba 5650), depth: 16, stencil: 0, acc: 0000, samples: 4/1
display  D   display_settings.c:398  _al_score_display_settings       [   0.03515] Single Buffer requirement not met.
display  W   display_settings.c:669  _al_deduce_color_format          [   0.03517] Could not deduce color format, sizes = (0,0,0,0,0), shifts = (0,0,0,0)
display  W   display_settings.c:669  _al_deduce_color_format          [   0.04046] Could not deduce color format, sizes = (0,0,0,0,0), shifts = (0,0,0,0)
display  W   display_settings.c:669  _al_deduce_color_format          [   0.04052] Could not deduce color format, sizes = (0,0,0,0,0), shifts = (0,0,0,0)
display  W   display_settings.c:669  _al_deduce_color_format          [   0.04057] Could not deduce color format, sizes = (0,0,0,0,0), shifts = (0,0,0,0)
display  W   display_settings.c:669  _al_deduce_color_format          [   0.04062] Could not deduce color format, sizes = (0,0,0,0,0), shifts = (0,0,0,0)
d3d      D         d3d_disp.cpp:1669 d3d_create_display_internals     [   0.04066] Trying format 0.
d3d      I         d3d_disp.cpp:1344 d3d_display_thread_proc          [   0.04086] Chose a display format: 23
d3d      I         d3d_disp.cpp:1413 d3d_display_thread_proc          [   0.04087] Normal window.
d3d      D         d3d_disp.cpp:1441 d3d_display_thread_proc          [   0.04826] Creating real fullscreen device
d3d      I         d3d_disp.cpp:566  d3d_create_fullscreen_device     [   0.07926] Fullscreen Direct3D device created.
d3d      I         d3d_disp.cpp:1449 d3d_display_thread_proc          [   0.07928] Real fullscreen device created
d3d      D         d3d_disp.cpp:1692 d3d_create_display_internals     [   0.07930] Resumed after wait.
d3d      I         d3d_disp.cpp:1725 d3d_create_display_internals     [   0.07933] Format 0 succeeded.
d3d      D         d3d_disp.cpp:1756 d3d_create_display_internals     [   0.07936] Returning d3d_display: 0625E960
d3d      D         d3d_disp.cpp:1781 d3d_create_display_locked        [   0.07937] al_display=0625E960
d3d      D         d3d_disp.cpp:1782 d3d_create_display_locked        [   0.07937] al_display->vt=04A3EC40
system   D            wsystem.c:771  _al_win_safe_load_library        [   0.07953] PathFindOnPath found: C:\WINDOWS\system32\d3dx9_43.dll
system   D            wsystem.c:682  load_library_at_path             [   0.07954] Calling LoadLibrary C:\WINDOWS\system32\d3dx9_43.dll
system   I            wsystem.c:685  load_library_at_path             [   0.07998] Loaded C:\WINDOWS\system32\d3dx9_43.dll
d3dx9    I        d3d_d3dx9.cpp:88   _imp_load_d3dx9_module_version   [   0.07999] Module "d3dx9_43.dll" loaded.
stdio    D         file_stdio.c:109  file_stdio_fopen                 [   0.08003] opening img/interface/postac1.bmp rb
bitmap   W          bitmap_io.c:211  al_load_bitmap_flags             [   0.08006] Failed loading img/interface/postac1.bmp with .bmp handler.
